<?xml version="1.0" encoding="UTF-8"?>
<!-- Generated by org.testng.reporters.JUnitXMLReporter -->
<testsuite ignored="1" hostname="LAPTOP-3ICCF01F" failures="1" tests="7" name="Sample Katalon HC Tests" time="92.723" errors="0" timestamp="2023-08-13T13:41:22 IST">
  <testcase classname="com.khcproject.qa.testcases.Login" name="verifyLoginWithValidCredentials" time="1.407"/>
  <testcase classname="com.khcproject.qa.testcases.Login" name="verifyLoginWithInvalidCredentials" time="0.89"/>
  <testcase classname="com.khcproject.qa.testcases.MakeAppointment" name="makeAppointment" time="2.161">
    <failure type="java.lang.AssertionError" message="Validations are successful
	expected [Appointment booked for email_Sun_Aug_13_13_40_20_IST_2023@gmail.com] but found [Appointment booked for email_Sun_Aug_13_13_40_18_IST_2023@gmail.com]">
      <![CDATA[java.lang.AssertionError: Validations are successful
expected [Appointment booked for email_Sun_Aug_13_13_40_20_IST_2023@gmail.com] but found [Appointment booked for email_Sun_Aug_13_13_40_18_IST_2023@gmail.com]
at com.khcproject.qa.testcases.MakeAppointment.makeAppointment(MakeAppointment.java:49)
at java.base/java.util.ArrayList.forEach(ArrayList.java:1510)
... Removed 28 stack frames]]>
    </failure>
  </testcase> <!-- makeAppointment -->
  <testcase classname="com.khcproject.qa.testcases.MakeAppointment" name="makeAppointmentUsingExcelDataDriven" time="1.729"/>
  <testcase classname="com.khcproject.qa.testcases.MakeAppointment" name="makeAppointmentUsingExcelDataDriven" time="1.747"/>
  <testcase classname="com.khcproject.qa.testcases.MakeAppointment" name="makeAppointmentUsingExcelDataDriven" time="1.862"/>
  <testcase classname="com.khcproject.qa.testcases.MakeAppointment" name="makeAppointmentUsingExcelDataDriven" time="1.917"/>
  <testcase classname="com.khcproject.qa.testcases.MakeAppointment" name="makeAppointmentUsingDataDriven" time="0.0">
    <ignored/>
  </testcase> <!-- makeAppointmentUsingDataDriven -->
</testsuite> <!-- Sample Katalon HC Tests -->
