<?xml version="1.0" encoding="UTF-8"?>
<!-- Generated by org.testng.reporters.JUnitXMLReporter -->
<testsuite ignored="2" hostname="LAPTOP-3ICCF01F" failures="0" tests="6" name="Sample Katalon HC Tests" time="46.578" errors="0" timestamp="2023-08-14T17:10:56 IST">
  <testcase classname="com.khcproject.qa.testcases.LoginTest" name="verifyLoginWithValidCredentials" time="0.954"/>
  <testcase classname="com.khcproject.qa.testcases.MakeAppointmentTest" name="makeAppointmentUsingExcelDataDriven" time="1.963"/>
  <testcase classname="com.khcproject.qa.testcases.LoginTest" name="verifyLoginWithInvalidCredentials" time="1.066"/>
  <testcase classname="com.khcproject.qa.testcases.MakeAppointmentTest" name="makeAppointmentUsingExcelDataDriven" time="2.188"/>
  <testcase classname="com.khcproject.qa.testcases.MakeAppointmentTest" name="makeAppointmentUsingExcelDataDriven" time="2.134"/>
  <testcase classname="com.khcproject.qa.testcases.MakeAppointmentTest" name="makeAppointmentUsingExcelDataDriven" time="2.151"/>
  <testcase classname="com.khcproject.qa.testcases.MakeAppointmentTest" name="makeAppointmentUsingDataDriven" time="0.0">
    <ignored/>
  </testcase> <!-- makeAppointmentUsingDataDriven -->
  <testcase classname="com.khcproject.qa.testcases.MakeAppointmentTest" name="makeAppointment" time="0.0">
    <ignored/>
  </testcase> <!-- makeAppointment -->
</testsuite> <!-- Sample Katalon HC Tests -->
