<?xml version="1.0" encoding="UTF-8"?>
<!-- Generated by org.testng.reporters.JUnitXMLReporter -->
<testsuite ignored="1" hostname="LAPTOP-3ICCF01F" failures="0" tests="1" name="Default test" time="10.891" errors="0" timestamp="2023-08-15T16:46:01 IST">
  <testcase classname="com.khcproject.qa.testcases.LoginTest" name="verifyLoginWithInvalidCredentials" time="1.059"/>
  <testcase classname="com.khcproject.qa.testcases.LoginTest" name="verifyLoginWithValidCredentials" time="0.0">
    <ignored/>
  </testcase> <!-- verifyLoginWithValidCredentials -->
</testsuite> <!-- Default test -->
