<?xml version="1.0" encoding="UTF-8"?>
<testng-results ignored="1" total="2" passed="1" failed="0" skipped="0">
  <reporter-output>
  </reporter-output>
  <suite started-at="2023-08-15T16:45:50 IST" name="Default suite" finished-at="2023-08-15T16:46:01 IST" duration-ms="10891">
    <groups>
    </groups>
    <test started-at="2023-08-15T16:45:50 IST" name="Default test" finished-at="2023-08-15T16:46:01 IST" duration-ms="10891">
      <class name="com.khcproject.qa.testcases.LoginTest">
        <test-method is-config="true" signature="setup()[pri:0, instance:com.khcproject.qa.testcases.LoginTest@36902638]" started-at="2023-08-15T16:45:50 IST" name="setup" finished-at="2023-08-15T16:45:59 IST" duration-ms="9105" status="PASS">
          <reporter-output>
          </reporter-output>
        </test-method> <!-- setup -->
        <test-method signature="verifyLoginWithInvalidCredentials()[pri:2, instance:com.khcproject.qa.testcases.LoginTest@36902638]" started-at="2023-08-15T16:45:59 IST" name="verifyLoginWithInvalidCredentials" finished-at="2023-08-15T16:46:00 IST" duration-ms="1059" status="PASS">
          <reporter-output>
          </reporter-output>
        </test-method> <!-- verifyLoginWithInvalidCredentials -->
        <test-method is-config="true" signature="tearDown()[pri:0, instance:com.khcproject.qa.testcases.LoginTest@36902638]" started-at="2023-08-15T16:46:00 IST" name="tearDown" finished-at="2023-08-15T16:46:01 IST" duration-ms="681" status="PASS">
          <reporter-output>
          </reporter-output>
        </test-method> <!-- tearDown -->
      </class> <!-- com.khcproject.qa.testcases.LoginTest -->
    </test> <!-- Default test -->
  </suite> <!-- Default suite -->
</testng-results>
