<?xml version="1.0" encoding="UTF-8"?>
<testng-results ignored="1" total="8" passed="6" failed="1" skipped="0">
  <reporter-output>
  </reporter-output>
  <suite started-at="2023-08-13T13:39:46 IST" name="Sample Katalon Healthcheck Project" finished-at="2023-08-13T13:41:19 IST" duration-ms="92723">
    <groups>
    </groups>
    <test started-at="2023-08-13T13:39:46 IST" name="Sample Katalon HC Tests" finished-at="2023-08-13T13:41:19 IST" duration-ms="92723">
      <class name="com.khcproject.qa.testcases.MakeAppointment">
        <test-method is-config="true" signature="setup()[pri:0, instance:com.khcproject.qa.testcases.MakeAppointment@47eaca72]" started-at="2023-08-13T13:40:09 IST" name="setup" finished-at="2023-08-13T13:40:18 IST" duration-ms="8103" status="PASS">
          <reporter-output>
          </reporter-output>
        </test-method> <!-- setup -->
        <test-method signature="makeAppointment()[pri:0, instance:com.khcproject.qa.testcases.MakeAppointment@47eaca72]" started-at="2023-08-13T13:40:18 IST" name="makeAppointment" finished-at="2023-08-13T13:40:20 IST" duration-ms="2161" status="FAIL">
          <exception class="java.lang.AssertionError">
            <message>
              <![CDATA[Validations are successful
expected [Appointment booked for email_Sun_Aug_13_13_40_20_IST_2023@gmail.com] but found [Appointment booked for email_Sun_Aug_13_13_40_18_IST_2023@gmail.com]]]>
            </message>
            <full-stacktrace>
              <![CDATA[java.lang.AssertionError: Validations are successful
expected [Appointment booked for email_Sun_Aug_13_13_40_20_IST_2023@gmail.com] but found [Appointment booked for email_Sun_Aug_13_13_40_18_IST_2023@gmail.com]
at org.testng.asserts.SoftAssert.assertAll(SoftAssert.java:46)
at com.khcproject.qa.testcases.MakeAppointment.makeAppointment(MakeAppointment.java:49)
at java.base/jdk.internal.reflect.NativeMethodAccessorImpl.invoke0(Native Method)
at java.base/jdk.internal.reflect.NativeMethodAccessorImpl.invoke(NativeMethodAccessorImpl.java:62)
at java.base/jdk.internal.reflect.DelegatingMethodAccessorImpl.invoke(DelegatingMethodAccessorImpl.java:43)
at java.base/java.lang.reflect.Method.invoke(Method.java:564)
at org.testng.internal.invokers.MethodInvocationHelper.invokeMethod(MethodInvocationHelper.java:139)
at org.testng.internal.invokers.TestInvoker.invokeMethod(TestInvoker.java:677)
at org.testng.internal.invokers.TestInvoker.invokeTestMethod(TestInvoker.java:221)
at org.testng.internal.invokers.MethodRunner.runInSequence(MethodRunner.java:50)
at org.testng.internal.invokers.TestInvoker$MethodInvocationAgent.invoke(TestInvoker.java:969)
at org.testng.internal.invokers.TestInvoker.invokeTestMethods(TestInvoker.java:194)
at org.testng.internal.invokers.TestMethodWorker.invokeTestMethods(TestMethodWorker.java:148)
at org.testng.internal.invokers.TestMethodWorker.run(TestMethodWorker.java:128)
at java.base/java.util.ArrayList.forEach(ArrayList.java:1510)
at org.testng.TestRunner.privateRun(TestRunner.java:829)
at org.testng.TestRunner.run(TestRunner.java:602)
at org.testng.SuiteRunner.runTest(SuiteRunner.java:437)
at org.testng.SuiteRunner.runSequentially(SuiteRunner.java:431)
at org.testng.SuiteRunner.privateRun(SuiteRunner.java:391)
at org.testng.SuiteRunner.run(SuiteRunner.java:330)
at org.testng.SuiteRunnerWorker.runSuite(SuiteRunnerWorker.java:52)
at org.testng.SuiteRunnerWorker.run(SuiteRunnerWorker.java:95)
at org.testng.TestNG.runSuitesSequentially(TestNG.java:1256)
at org.testng.TestNG.runSuitesLocally(TestNG.java:1176)
at org.testng.TestNG.runSuites(TestNG.java:1099)
at org.testng.TestNG.run(TestNG.java:1067)
at org.testng.remote.AbstractRemoteTestNG.run(AbstractRemoteTestNG.java:115)
at org.testng.remote.RemoteTestNG.initAndRun(RemoteTestNG.java:251)
at org.testng.remote.RemoteTestNG.main(RemoteTestNG.java:77)
]]>
            </full-stacktrace>
          </exception> <!-- java.lang.AssertionError -->
          <reporter-output>
          </reporter-output>
        </test-method> <!-- makeAppointment -->
        <test-method is-config="true" signature="tearDown()[pri:0, instance:com.khcproject.qa.testcases.MakeAppointment@47eaca72]" started-at="2023-08-13T13:40:20 IST" name="tearDown" finished-at="2023-08-13T13:40:21 IST" duration-ms="647" status="PASS">
          <reporter-output>
          </reporter-output>
        </test-method> <!-- tearDown -->
        <test-method is-config="true" signature="setup()[pri:0, instance:com.khcproject.qa.testcases.MakeAppointment@47eaca72]" started-at="2023-08-13T13:40:22 IST" name="setup" finished-at="2023-08-13T13:40:29 IST" duration-ms="7761" status="PASS">
          <reporter-output>
          </reporter-output>
        </test-method> <!-- setup -->
        <test-method signature="makeAppointmentUsingExcelDataDriven(java.lang.String,java.lang.String,java.lang.String,java.lang.String)[pri:1, instance:com.khcproject.qa.testcases.MakeAppointment@47eaca72]" started-at="2023-08-13T13:40:29 IST" name="makeAppointmentUsingExcelDataDriven" data-provider="ExcelDataSupplier" finished-at="2023-08-13T13:40:31 IST" duration-ms="1729" status="PASS">
          <params>
            <param index="0">
              <value>
                <![CDATA[Hongkong CURA Healthcare Center]]>
              </value>
            </param>
            <param index="1">
              <value>
                <![CDATA[Medicaid]]>
              </value>
            </param>
            <param index="2">
              <value>
                <![CDATA[01/09/2023]]>
              </value>
            </param>
            <param index="3">
              <value>
                <![CDATA[This is the first booking]]>
              </value>
            </param>
          </params>
          <reporter-output>
          </reporter-output>
        </test-method> <!-- makeAppointmentUsingExcelDataDriven -->
        <test-method is-config="true" signature="tearDown()[pri:0, instance:com.khcproject.qa.testcases.MakeAppointment@47eaca72]" started-at="2023-08-13T13:40:31 IST" name="tearDown" finished-at="2023-08-13T13:40:32 IST" duration-ms="1243" status="PASS">
          <reporter-output>
          </reporter-output>
        </test-method> <!-- tearDown -->
        <test-method is-config="true" signature="setup()[pri:0, instance:com.khcproject.qa.testcases.MakeAppointment@47eaca72]" started-at="2023-08-13T13:40:32 IST" name="setup" finished-at="2023-08-13T13:40:45 IST" duration-ms="12165" status="PASS">
          <reporter-output>
          </reporter-output>
        </test-method> <!-- setup -->
        <test-method signature="makeAppointmentUsingExcelDataDriven(java.lang.String,java.lang.String,java.lang.String,java.lang.String)[pri:1, instance:com.khcproject.qa.testcases.MakeAppointment@47eaca72]" started-at="2023-08-13T13:40:45 IST" name="makeAppointmentUsingExcelDataDriven" data-provider="ExcelDataSupplier" finished-at="2023-08-13T13:40:46 IST" duration-ms="1747" status="PASS">
          <params>
            <param index="0">
              <value>
                <![CDATA[Tokyo CURA Healthcare Center]]>
              </value>
            </param>
            <param index="1">
              <value>
                <![CDATA[Medicare]]>
              </value>
            </param>
            <param index="2">
              <value>
                <![CDATA[10/10/2023]]>
              </value>
            </param>
            <param index="3">
              <value>
                <![CDATA[This is the second booking]]>
              </value>
            </param>
          </params>
          <reporter-output>
          </reporter-output>
        </test-method> <!-- makeAppointmentUsingExcelDataDriven -->
        <test-method is-config="true" signature="tearDown()[pri:0, instance:com.khcproject.qa.testcases.MakeAppointment@47eaca72]" started-at="2023-08-13T13:40:46 IST" name="tearDown" finished-at="2023-08-13T13:40:52 IST" duration-ms="5637" status="PASS">
          <reporter-output>
          </reporter-output>
        </test-method> <!-- tearDown -->
        <test-method is-config="true" signature="setup()[pri:0, instance:com.khcproject.qa.testcases.MakeAppointment@47eaca72]" started-at="2023-08-13T13:40:52 IST" name="setup" finished-at="2023-08-13T13:41:06 IST" duration-ms="13867" status="PASS">
          <reporter-output>
          </reporter-output>
        </test-method> <!-- setup -->
        <test-method signature="makeAppointmentUsingExcelDataDriven(java.lang.String,java.lang.String,java.lang.String,java.lang.String)[pri:1, instance:com.khcproject.qa.testcases.MakeAppointment@47eaca72]" started-at="2023-08-13T13:41:06 IST" name="makeAppointmentUsingExcelDataDriven" data-provider="ExcelDataSupplier" finished-at="2023-08-13T13:41:08 IST" duration-ms="1862" status="PASS">
          <params>
            <param index="0">
              <value>
                <![CDATA[Tokyo CURA Healthcare Center]]>
              </value>
            </param>
            <param index="1">
              <value>
                <![CDATA[Medicaid]]>
              </value>
            </param>
            <param index="2">
              <value>
                <![CDATA[11/12/2023]]>
              </value>
            </param>
            <param index="3">
              <value>
                <![CDATA[This is the third booking]]>
              </value>
            </param>
          </params>
          <reporter-output>
          </reporter-output>
        </test-method> <!-- makeAppointmentUsingExcelDataDriven -->
        <test-method is-config="true" signature="tearDown()[pri:0, instance:com.khcproject.qa.testcases.MakeAppointment@47eaca72]" started-at="2023-08-13T13:41:08 IST" name="tearDown" finished-at="2023-08-13T13:41:08 IST" duration-ms="684" status="PASS">
          <reporter-output>
          </reporter-output>
        </test-method> <!-- tearDown -->
        <test-method is-config="true" signature="setup()[pri:0, instance:com.khcproject.qa.testcases.MakeAppointment@47eaca72]" started-at="2023-08-13T13:41:08 IST" name="setup" finished-at="2023-08-13T13:41:16 IST" duration-ms="7891" status="PASS">
          <reporter-output>
          </reporter-output>
        </test-method> <!-- setup -->
        <test-method signature="makeAppointmentUsingExcelDataDriven(java.lang.String,java.lang.String,java.lang.String,java.lang.String)[pri:1, instance:com.khcproject.qa.testcases.MakeAppointment@47eaca72]" started-at="2023-08-13T13:41:16 IST" name="makeAppointmentUsingExcelDataDriven" data-provider="ExcelDataSupplier" finished-at="2023-08-13T13:41:18 IST" duration-ms="1917" status="PASS">
          <params>
            <param index="0">
              <value>
                <![CDATA[Seoul CURA Healthcare Center]]>
              </value>
            </param>
            <param index="1">
              <value>
                <![CDATA[None]]>
              </value>
            </param>
            <param index="2">
              <value>
                <![CDATA[12/12/2023]]>
              </value>
            </param>
            <param index="3">
              <value>
                <![CDATA[This is the fourth booking]]>
              </value>
            </param>
          </params>
          <reporter-output>
          </reporter-output>
        </test-method> <!-- makeAppointmentUsingExcelDataDriven -->
        <test-method is-config="true" signature="tearDown()[pri:0, instance:com.khcproject.qa.testcases.MakeAppointment@47eaca72]" started-at="2023-08-13T13:41:18 IST" name="tearDown" finished-at="2023-08-13T13:41:19 IST" duration-ms="669" status="PASS">
          <reporter-output>
          </reporter-output>
        </test-method> <!-- tearDown -->
      </class> <!-- com.khcproject.qa.testcases.MakeAppointment -->
      <class name="com.khcproject.qa.testcases.Login">
        <test-method is-config="true" signature="setup()[pri:0, instance:com.khcproject.qa.testcases.Login@59662a0b]" started-at="2023-08-13T13:39:46 IST" name="setup" finished-at="2023-08-13T13:39:56 IST" duration-ms="9987" status="PASS">
          <reporter-output>
          </reporter-output>
        </test-method> <!-- setup -->
        <test-method signature="verifyLoginWithValidCredentials()[pri:0, instance:com.khcproject.qa.testcases.Login@59662a0b]" started-at="2023-08-13T13:39:56 IST" name="verifyLoginWithValidCredentials" finished-at="2023-08-13T13:39:58 IST" duration-ms="1407" status="PASS">
          <reporter-output>
          </reporter-output>
        </test-method> <!-- verifyLoginWithValidCredentials -->
        <test-method is-config="true" signature="tearDown()[pri:0, instance:com.khcproject.qa.testcases.Login@59662a0b]" started-at="2023-08-13T13:39:58 IST" name="tearDown" finished-at="2023-08-13T13:39:59 IST" duration-ms="901" status="PASS">
          <reporter-output>
          </reporter-output>
        </test-method> <!-- tearDown -->
        <test-method is-config="true" signature="setup()[pri:0, instance:com.khcproject.qa.testcases.Login@59662a0b]" started-at="2023-08-13T13:39:59 IST" name="setup" finished-at="2023-08-13T13:40:08 IST" duration-ms="9249" status="PASS">
          <reporter-output>
          </reporter-output>
        </test-method> <!-- setup -->
        <test-method signature="verifyLoginWithInvalidCredentials()[pri:2, instance:com.khcproject.qa.testcases.Login@59662a0b]" started-at="2023-08-13T13:40:08 IST" name="verifyLoginWithInvalidCredentials" finished-at="2023-08-13T13:40:09 IST" duration-ms="890" status="PASS">
          <reporter-output>
          </reporter-output>
        </test-method> <!-- verifyLoginWithInvalidCredentials -->
        <test-method is-config="true" signature="tearDown()[pri:0, instance:com.khcproject.qa.testcases.Login@59662a0b]" started-at="2023-08-13T13:40:09 IST" name="tearDown" finished-at="2023-08-13T13:40:09 IST" duration-ms="657" status="PASS">
          <reporter-output>
          </reporter-output>
        </test-method> <!-- tearDown -->
      </class> <!-- com.khcproject.qa.testcases.Login -->
    </test> <!-- Sample Katalon HC Tests -->
  </suite> <!-- Sample Katalon Healthcheck Project -->
</testng-results>
